Replace Part BH-C102 CMP-0001-0001 in C:\Users\JSwan\Documents\Yamaha-Preamp-Work\Altium Files\CP80 Preamp\CP80 Preamp.SchDoc with CMP-0001-0001 from CP80 Preamp.SCHLIB
Replace Part BH-C103 CMP-001-00001-22 in C:\Users\JSwan\Documents\Yamaha-Preamp-Work\Altium Files\CP80 Preamp\CP80 Preamp.SchDoc with CMP-001-00001-22 from CP80 Preamp.SCHLIB
Replace Part BH-C110 Capacitor, Tant, Polarized in C:\Users\JSwan\Documents\Yamaha-Preamp-Work\Altium Files\CP80 Preamp\CP80 Preamp.SchDoc with Capacitor, Tant, Polarized from CP80 Preamp.SCHLIB
Replace Part BH-C111 Capacitor, Tant, Polarized in C:\Users\JSwan\Documents\Yamaha-Preamp-Work\Altium Files\CP80 Preamp\CP80 Preamp.SchDoc with Capacitor, Tant, Polarized from CP80 Preamp.SCHLIB
Replace Part BH-C128 Capacitor Non-Polarized in C:\Users\JSwan\Documents\Yamaha-Preamp-Work\Altium Files\CP80 Preamp\CP80 Preamp.SchDoc with Capacitor Non-Polarized from CP80 Preamp.SCHLIB
Replace Part BH-C129 Capacitor Non-Polarized in C:\Users\JSwan\Documents\Yamaha-Preamp-Work\Altium Files\CP80 Preamp\CP80 Preamp.SchDoc with Capacitor Non-Polarized from CP80 Preamp.SCHLIB
Replace Part BH-R107 Resistor in C:\Users\JSwan\Documents\Yamaha-Preamp-Work\Altium Files\CP80 Preamp\CP80 Preamp.SchDoc with Resistor from CP80 Preamp.SCHLIB
Replace Part BH-R116 Resistor in C:\Users\JSwan\Documents\Yamaha-Preamp-Work\Altium Files\CP80 Preamp\CP80 Preamp.SchDoc with Resistor from CP80 Preamp.SCHLIB
Replace Part BH-R134 Resistor in C:\Users\JSwan\Documents\Yamaha-Preamp-Work\Altium Files\CP80 Preamp\CP80 Preamp.SchDoc with Resistor from CP80 Preamp.SCHLIB
Replace Part BH-RS1 Resistor in C:\Users\JSwan\Documents\Yamaha-Preamp-Work\Altium Files\CP80 Preamp\CP80 Preamp.SchDoc with Resistor from CP80 Preamp.SCHLIB
Replace Part BH-RS2 Resistor in C:\Users\JSwan\Documents\Yamaha-Preamp-Work\Altium Files\CP80 Preamp\CP80 Preamp.SchDoc with Resistor from CP80 Preamp.SCHLIB
Replace Part BH-VR2 Copy of Resistor in C:\Users\JSwan\Documents\Yamaha-Preamp-Work\Altium Files\CP80 Preamp\CP80 Preamp.SchDoc with Copy of Resistor from CP80 Preamp.SCHLIB
Replace Part BH-VR3 Copy of Resistor in C:\Users\JSwan\Documents\Yamaha-Preamp-Work\Altium Files\CP80 Preamp\CP80 Preamp.SchDoc with Copy of Resistor from CP80 Preamp.SCHLIB
Replace Part BH-VR4 Copy of Resistor in C:\Users\JSwan\Documents\Yamaha-Preamp-Work\Altium Files\CP80 Preamp\CP80 Preamp.SchDoc with Copy of Resistor from CP80 Preamp.SCHLIB
Replace Part BL-C102 CMP-0001-0001 in C:\Users\JSwan\Documents\Yamaha-Preamp-Work\Altium Files\CP80 Preamp\CP80 Preamp.SchDoc with CMP-0001-0001 from CP80 Preamp.SCHLIB
Replace Part BL-C103 CMP-001-00001-22 in C:\Users\JSwan\Documents\Yamaha-Preamp-Work\Altium Files\CP80 Preamp\CP80 Preamp.SchDoc with CMP-001-00001-22 from CP80 Preamp.SCHLIB
Replace Part BL-C109 Capacitor Non-Polarized in C:\Users\JSwan\Documents\Yamaha-Preamp-Work\Altium Files\CP80 Preamp\CP80 Preamp.SchDoc with Capacitor Non-Polarized from CP80 Preamp.SCHLIB
Replace Part BL-C110 Capacitor, Tant, Polarized in C:\Users\JSwan\Documents\Yamaha-Preamp-Work\Altium Files\CP80 Preamp\CP80 Preamp.SchDoc with Capacitor, Tant, Polarized from CP80 Preamp.SCHLIB
Replace Part BL-C111 Capacitor, Tant, Polarized in C:\Users\JSwan\Documents\Yamaha-Preamp-Work\Altium Files\CP80 Preamp\CP80 Preamp.SchDoc with Capacitor, Tant, Polarized from CP80 Preamp.SCHLIB
Replace Part BL-C128 Capacitor Non-Polarized in C:\Users\JSwan\Documents\Yamaha-Preamp-Work\Altium Files\CP80 Preamp\CP80 Preamp.SchDoc with Capacitor Non-Polarized from CP80 Preamp.SCHLIB
Replace Part BL-R107 Resistor in C:\Users\JSwan\Documents\Yamaha-Preamp-Work\Altium Files\CP80 Preamp\CP80 Preamp.SchDoc with Resistor from CP80 Preamp.SCHLIB
Replace Part BL-R116 Resistor in C:\Users\JSwan\Documents\Yamaha-Preamp-Work\Altium Files\CP80 Preamp\CP80 Preamp.SchDoc with Resistor from CP80 Preamp.SCHLIB
Replace Part BL-R143 Resistor in C:\Users\JSwan\Documents\Yamaha-Preamp-Work\Altium Files\CP80 Preamp\CP80 Preamp.SchDoc with Resistor from CP80 Preamp.SCHLIB
Replace Part BL-RS1 Resistor in C:\Users\JSwan\Documents\Yamaha-Preamp-Work\Altium Files\CP80 Preamp\CP80 Preamp.SchDoc with Resistor from CP80 Preamp.SCHLIB
Replace Part BL-RS2 Resistor in C:\Users\JSwan\Documents\Yamaha-Preamp-Work\Altium Files\CP80 Preamp\CP80 Preamp.SchDoc with Resistor from CP80 Preamp.SCHLIB
Replace Part BL-VR2 Copy of Resistor in C:\Users\JSwan\Documents\Yamaha-Preamp-Work\Altium Files\CP80 Preamp\CP80 Preamp.SchDoc with Copy of Resistor from CP80 Preamp.SCHLIB
Replace Part BL-VR3 Copy of Resistor in C:\Users\JSwan\Documents\Yamaha-Preamp-Work\Altium Files\CP80 Preamp\CP80 Preamp.SchDoc with Copy of Resistor from CP80 Preamp.SCHLIB
Replace Part BL-VR4 Copy of Resistor in C:\Users\JSwan\Documents\Yamaha-Preamp-Work\Altium Files\CP80 Preamp\CP80 Preamp.SchDoc with Copy of Resistor from CP80 Preamp.SCHLIB
Replace Part BM-C102 CMP-0001-0001 in C:\Users\JSwan\Documents\Yamaha-Preamp-Work\Altium Files\CP80 Preamp\CP80 Preamp.SchDoc with CMP-0001-0001 from CP80 Preamp.SCHLIB
Replace Part BM-C103 CMP-001-00001-22 in C:\Users\JSwan\Documents\Yamaha-Preamp-Work\Altium Files\CP80 Preamp\CP80 Preamp.SchDoc with CMP-001-00001-22 from CP80 Preamp.SCHLIB
Replace Part BM-C110 Capacitor, Tant, Polarized in C:\Users\JSwan\Documents\Yamaha-Preamp-Work\Altium Files\CP80 Preamp\CP80 Preamp.SchDoc with Capacitor, Tant, Polarized from CP80 Preamp.SCHLIB
Replace Part BM-C111 Capacitor, Tant, Polarized in C:\Users\JSwan\Documents\Yamaha-Preamp-Work\Altium Files\CP80 Preamp\CP80 Preamp.SchDoc with Capacitor, Tant, Polarized from CP80 Preamp.SCHLIB
Replace Part BM-C128 Capacitor Non-Polarized in C:\Users\JSwan\Documents\Yamaha-Preamp-Work\Altium Files\CP80 Preamp\CP80 Preamp.SchDoc with Capacitor Non-Polarized from CP80 Preamp.SCHLIB
Replace Part BM-C129 Capacitor Non-Polarized in C:\Users\JSwan\Documents\Yamaha-Preamp-Work\Altium Files\CP80 Preamp\CP80 Preamp.SchDoc with Capacitor Non-Polarized from CP80 Preamp.SCHLIB
Replace Part BM-R107 Resistor in C:\Users\JSwan\Documents\Yamaha-Preamp-Work\Altium Files\CP80 Preamp\CP80 Preamp.SchDoc with Resistor from CP80 Preamp.SCHLIB
Replace Part BM-R116 Resistor in C:\Users\JSwan\Documents\Yamaha-Preamp-Work\Altium Files\CP80 Preamp\CP80 Preamp.SchDoc with Resistor from CP80 Preamp.SCHLIB
Replace Part BM-R143 Resistor in C:\Users\JSwan\Documents\Yamaha-Preamp-Work\Altium Files\CP80 Preamp\CP80 Preamp.SchDoc with Resistor from CP80 Preamp.SCHLIB
Replace Part BM-RS1 Resistor in C:\Users\JSwan\Documents\Yamaha-Preamp-Work\Altium Files\CP80 Preamp\CP80 Preamp.SchDoc with Resistor from CP80 Preamp.SCHLIB
Replace Part BM-RS2 Resistor in C:\Users\JSwan\Documents\Yamaha-Preamp-Work\Altium Files\CP80 Preamp\CP80 Preamp.SchDoc with Resistor from CP80 Preamp.SCHLIB
Replace Part BM-VR2 Copy of Resistor in C:\Users\JSwan\Documents\Yamaha-Preamp-Work\Altium Files\CP80 Preamp\CP80 Preamp.SchDoc with Copy of Resistor from CP80 Preamp.SCHLIB
Replace Part BM-VR3 Copy of Resistor in C:\Users\JSwan\Documents\Yamaha-Preamp-Work\Altium Files\CP80 Preamp\CP80 Preamp.SchDoc with Copy of Resistor from CP80 Preamp.SCHLIB
Replace Part BM-VR4 Copy of Resistor in C:\Users\JSwan\Documents\Yamaha-Preamp-Work\Altium Files\CP80 Preamp\CP80 Preamp.SchDoc with Copy of Resistor from CP80 Preamp.SCHLIB
Replace Part C101 CMP-001-00001-22 in C:\Users\JSwan\Documents\Yamaha-Preamp-Work\Altium Files\CP80 Preamp\CP80 Preamp.SchDoc with CMP-001-00001-22 from CP80 Preamp.SCHLIB
Replace Part C102 CMP-0001-0001 in C:\Users\JSwan\Documents\Yamaha-Preamp-Work\Altium Files\CP80 Preamp\CP80 Preamp.SchDoc with CMP-0001-0001 from CP80 Preamp.SCHLIB
Replace Part C103 CMP-001-00001-22 in C:\Users\JSwan\Documents\Yamaha-Preamp-Work\Altium Files\CP80 Preamp\CP80 Preamp.SchDoc with CMP-001-00001-22 from CP80 Preamp.SCHLIB
Replace Part C104 Capacitor Non-Polarized in C:\Users\JSwan\Documents\Yamaha-Preamp-Work\Altium Files\CP80 Preamp\CP80 Preamp.SchDoc with Capacitor Non-Polarized from CP80 Preamp.SCHLIB
Replace Part C105 Capacitor Polarized in C:\Users\JSwan\Documents\Yamaha-Preamp-Work\Altium Files\CP80 Preamp\CP80 Preamp.SchDoc with Capacitor Polarized from CP80 Preamp.SCHLIB
Replace Part C106 CMP-0001-0001 in C:\Users\JSwan\Documents\Yamaha-Preamp-Work\Altium Files\CP80 Preamp\CP80 Preamp.SchDoc with CMP-0001-0001 from CP80 Preamp.SCHLIB
Replace Part C107 Capacitor Polarized in C:\Users\JSwan\Documents\Yamaha-Preamp-Work\Altium Files\CP80 Preamp\CP80 Preamp.SchDoc with Capacitor Polarized from CP80 Preamp.SCHLIB
Replace Part C108 Capacitor Non-Polarized in C:\Users\JSwan\Documents\Yamaha-Preamp-Work\Altium Files\CP80 Preamp\CP80 Preamp.SchDoc with Capacitor Non-Polarized from CP80 Preamp.SCHLIB
Replace Part C109 Capacitor Polarized in C:\Users\JSwan\Documents\Yamaha-Preamp-Work\Altium Files\CP80 Preamp\CP80 Preamp.SchDoc with Capacitor Polarized from CP80 Preamp.SCHLIB
Replace Part C110 Capacitor, Tant, Polarized in C:\Users\JSwan\Documents\Yamaha-Preamp-Work\Altium Files\CP80 Preamp\CP80 Preamp.SchDoc with Capacitor, Tant, Polarized from CP80 Preamp.SCHLIB
Replace Part C111 Capacitor, Tant, Polarized in C:\Users\JSwan\Documents\Yamaha-Preamp-Work\Altium Files\CP80 Preamp\CP80 Preamp.SchDoc with Capacitor, Tant, Polarized from CP80 Preamp.SCHLIB
Replace Part C112 CMP-001-00001-22 in C:\Users\JSwan\Documents\Yamaha-Preamp-Work\Altium Files\CP80 Preamp\CP80 Preamp.SchDoc with CMP-001-00001-22 from CP80 Preamp.SCHLIB
Replace Part C113 CMP-001-00001-22 in C:\Users\JSwan\Documents\Yamaha-Preamp-Work\Altium Files\CP80 Preamp\CP80 Preamp.SchDoc with CMP-001-00001-22 from CP80 Preamp.SCHLIB
Replace Part C114 Capacitor Polarized in C:\Users\JSwan\Documents\Yamaha-Preamp-Work\Altium Files\CP80 Preamp\CP80 Preamp.SchDoc with Capacitor Polarized from CP80 Preamp.SCHLIB
Replace Part C115 CMP-001-00001-22 in C:\Users\JSwan\Documents\Yamaha-Preamp-Work\Altium Files\CP80 Preamp\CP80 Preamp.SchDoc with CMP-001-00001-22 from CP80 Preamp.SCHLIB
Replace Part C116 Capacitor Polarized in C:\Users\JSwan\Documents\Yamaha-Preamp-Work\Altium Files\CP80 Preamp\CP80 Preamp.SchDoc with Capacitor Polarized from CP80 Preamp.SCHLIB
Replace Part C117 CMP-001-00001-22 in C:\Users\JSwan\Documents\Yamaha-Preamp-Work\Altium Files\CP80 Preamp\CP80 Preamp.SchDoc with CMP-001-00001-22 from CP80 Preamp.SCHLIB
Replace Part C118 Capacitor Polarized in C:\Users\JSwan\Documents\Yamaha-Preamp-Work\Altium Files\CP80 Preamp\CP80 Preamp.SchDoc with Capacitor Polarized from CP80 Preamp.SCHLIB
Replace Part C119 CMP-001-00001-22 in C:\Users\JSwan\Documents\Yamaha-Preamp-Work\Altium Files\CP80 Preamp\CP80 Preamp.SchDoc with CMP-001-00001-22 from CP80 Preamp.SCHLIB
Replace Part C120 CMP-001-00001-22 in C:\Users\JSwan\Documents\Yamaha-Preamp-Work\Altium Files\CP80 Preamp\CP80 Preamp.SchDoc with CMP-001-00001-22 from CP80 Preamp.SCHLIB
Replace Part C121 Capacitor Polarized in C:\Users\JSwan\Documents\Yamaha-Preamp-Work\Altium Files\CP80 Preamp\CP80 Preamp.SchDoc with Capacitor Polarized from CP80 Preamp.SCHLIB
Replace Part C122 Capacitor Polarized in C:\Users\JSwan\Documents\Yamaha-Preamp-Work\Altium Files\CP80 Preamp\CP80 Preamp.SchDoc with Capacitor Polarized from CP80 Preamp.SCHLIB
Replace Part C123 Capacitor Polarized in C:\Users\JSwan\Documents\Yamaha-Preamp-Work\Altium Files\CP80 Preamp\CP80 Preamp.SchDoc with Capacitor Polarized from CP80 Preamp.SCHLIB
Replace Part C124 Capacitor Non-Polarized in C:\Users\JSwan\Documents\Yamaha-Preamp-Work\Altium Files\CP80 Preamp\CP80 Preamp.SchDoc with Capacitor Non-Polarized from CP80 Preamp.SCHLIB
Replace Part C125 Capacitor Polarized in C:\Users\JSwan\Documents\Yamaha-Preamp-Work\Altium Files\CP80 Preamp\CP80 Preamp.SchDoc with Capacitor Polarized from CP80 Preamp.SCHLIB
Replace Part C126 CMP-001-00001-22 in C:\Users\JSwan\Documents\Yamaha-Preamp-Work\Altium Files\CP80 Preamp\CP80 Preamp.SchDoc with CMP-001-00001-22 from CP80 Preamp.SCHLIB
Replace Part C127 Capacitor Non-Polarized in C:\Users\JSwan\Documents\Yamaha-Preamp-Work\Altium Files\CP80 Preamp\CP80 Preamp.SchDoc with Capacitor Non-Polarized from CP80 Preamp.SCHLIB
Replace Part C128 Capacitor Non-Polarized in C:\Users\JSwan\Documents\Yamaha-Preamp-Work\Altium Files\CP80 Preamp\CP80 Preamp.SchDoc with Capacitor Non-Polarized from CP80 Preamp.SCHLIB
Replace Part C129 Capacitor Non-Polarized in C:\Users\JSwan\Documents\Yamaha-Preamp-Work\Altium Files\CP80 Preamp\CP80 Preamp.SchDoc with Capacitor Non-Polarized from CP80 Preamp.SCHLIB
Replace Part C130 Capacitor Non-Polarized in C:\Users\JSwan\Documents\Yamaha-Preamp-Work\Altium Files\CP80 Preamp\CP80 Preamp.SchDoc with Capacitor Non-Polarized from CP80 Preamp.SCHLIB
Replace Part C131 Capacitor Non-Polarized in C:\Users\JSwan\Documents\Yamaha-Preamp-Work\Altium Files\CP80 Preamp\CP80 Preamp.SchDoc with Capacitor Non-Polarized from CP80 Preamp.SCHLIB
Replace Part C201 Capacitor Polarized in C:\Users\JSwan\Documents\Yamaha-Preamp-Work\Altium Files\CP80 Preamp\CP80 Preamp.SchDoc with Capacitor Polarized from CP80 Preamp.SCHLIB
Replace Part C202 Capacitor Polarized in C:\Users\JSwan\Documents\Yamaha-Preamp-Work\Altium Files\CP80 Preamp\CP80 Preamp.SchDoc with Capacitor Polarized from CP80 Preamp.SCHLIB
Replace Part C203 Capacitor Polarized in C:\Users\JSwan\Documents\Yamaha-Preamp-Work\Altium Files\CP80 Preamp\CP80 Preamp.SchDoc with Capacitor Polarized from CP80 Preamp.SCHLIB
Replace Part C204 Capacitor Polarized in C:\Users\JSwan\Documents\Yamaha-Preamp-Work\Altium Files\CP80 Preamp\CP80 Preamp.SchDoc with Capacitor Polarized from CP80 Preamp.SCHLIB
Replace Part D1 LED in C:\Users\JSwan\Documents\Yamaha-Preamp-Work\Altium Files\CP80 Preamp\CP80 Preamp.SchDoc with LED from CP80 Preamp.SCHLIB
Replace Part D101 Zener Diode in C:\Users\JSwan\Documents\Yamaha-Preamp-Work\Altium Files\CP80 Preamp\CP80 Preamp.SchDoc with Zener Diode from CP80 Preamp.SCHLIB
Replace Part D102 Zener Diode in C:\Users\JSwan\Documents\Yamaha-Preamp-Work\Altium Files\CP80 Preamp\CP80 Preamp.SchDoc with Zener Diode from CP80 Preamp.SCHLIB
Replace Part D201 Zener Diode in C:\Users\JSwan\Documents\Yamaha-Preamp-Work\Altium Files\CP80 Preamp\CP80 Preamp.SchDoc with Zener Diode from CP80 Preamp.SCHLIB
Replace Part D202 Diode in C:\Users\JSwan\Documents\Yamaha-Preamp-Work\Altium Files\CP80 Preamp\CP80 Preamp.SchDoc with Diode from CP80 Preamp.SCHLIB
Replace Part FET1 2SK30A in C:\Users\JSwan\Documents\Yamaha-Preamp-Work\Altium Files\CP80 Preamp\CP80 Preamp.SchDoc with 2SK30A from CP80 Preamp.SCHLIB
Replace Part FET2 2SK30A in C:\Users\JSwan\Documents\Yamaha-Preamp-Work\Altium Files\CP80 Preamp\CP80 Preamp.SchDoc with 2SK30A from CP80 Preamp.SCHLIB
Replace Part FET3 2SK30A in C:\Users\JSwan\Documents\Yamaha-Preamp-Work\Altium Files\CP80 Preamp\CP80 Preamp.SchDoc with 2SK30A from CP80 Preamp.SCHLIB
Replace Part FET4 2SK30A in C:\Users\JSwan\Documents\Yamaha-Preamp-Work\Altium Files\CP80 Preamp\CP80 Preamp.SchDoc with 2SK30A from CP80 Preamp.SCHLIB
Replace Part FET5 2SK30A in C:\Users\JSwan\Documents\Yamaha-Preamp-Work\Altium Files\CP80 Preamp\CP80 Preamp.SchDoc with 2SK30A from CP80 Preamp.SCHLIB
Replace Part FET6 2SK30A in C:\Users\JSwan\Documents\Yamaha-Preamp-Work\Altium Files\CP80 Preamp\CP80 Preamp.SchDoc with 2SK30A from CP80 Preamp.SCHLIB
Replace Part FET7 2SK30A in C:\Users\JSwan\Documents\Yamaha-Preamp-Work\Altium Files\CP80 Preamp\CP80 Preamp.SchDoc with 2SK30A from CP80 Preamp.SCHLIB
Replace Part FET8 2SK30A in C:\Users\JSwan\Documents\Yamaha-Preamp-Work\Altium Files\CP80 Preamp\CP80 Preamp.SchDoc with 2SK30A from CP80 Preamp.SCHLIB
Replace Part FET9 2SK30A in C:\Users\JSwan\Documents\Yamaha-Preamp-Work\Altium Files\CP80 Preamp\CP80 Preamp.SchDoc with 2SK30A from CP80 Preamp.SCHLIB
Replace Part IC201 FS7812L in C:\Users\JSwan\Documents\Yamaha-Preamp-Work\Altium Files\CP80 Preamp\CP80 Preamp.SchDoc with FS7812L from CP80 Preamp.SCHLIB
Replace Part IN Soldered Wire - Round in C:\Users\JSwan\Documents\Yamaha-Preamp-Work\Altium Files\CP80 Preamp\CP80 Preamp.SchDoc with Soldered Wire - Round from CP80 Preamp.SCHLIB
Replace Part J1 Phone Jack, 2 Pos, Break in C:\Users\JSwan\Documents\Yamaha-Preamp-Work\Altium Files\CP80 Preamp\CP80 Preamp.SchDoc with Phone Jack, 2 Pos, Break from CP80 Preamp.SCHLIB
Replace Part J2 Phone Jack, 2 Pos, Break in C:\Users\JSwan\Documents\Yamaha-Preamp-Work\Altium Files\CP80 Preamp\CP80 Preamp.SchDoc with Phone Jack, 2 Pos, Break from CP80 Preamp.SCHLIB
Replace Part J3 Phone Jack, 2 Pos, Break in C:\Users\JSwan\Documents\Yamaha-Preamp-Work\Altium Files\CP80 Preamp\CP80 Preamp.SchDoc with Phone Jack, 2 Pos, Break from CP80 Preamp.SCHLIB
Replace Part J4 Phone Jack, 2 Pos, Break in C:\Users\JSwan\Documents\Yamaha-Preamp-Work\Altium Files\CP80 Preamp\CP80 Preamp.SchDoc with Phone Jack, 2 Pos, Break from CP80 Preamp.SCHLIB
Replace Part J5 XLR Connector in C:\Users\JSwan\Documents\Yamaha-Preamp-Work\Altium Files\CP80 Preamp\CP80 Preamp.SchDoc with XLR Connector from CP80 Preamp.SCHLIB
Replace Part J6 XLR Connector in C:\Users\JSwan\Documents\Yamaha-Preamp-Work\Altium Files\CP80 Preamp\CP80 Preamp.SchDoc with XLR Connector from CP80 Preamp.SCHLIB
Replace Part J7 HDR2x1 in C:\Users\JSwan\Documents\Yamaha-Preamp-Work\Altium Files\CP80 Preamp\CP80 Preamp.SchDoc with HDR2x1 from CP80 Preamp.SCHLIB
Replace Part J8 HDR8x1 in C:\Users\JSwan\Documents\Yamaha-Preamp-Work\Altium Files\CP80 Preamp\CP80 Preamp.SchDoc with HDR8x1 from CP80 Preamp.SCHLIB
Replace Part J201 XLR-2 Connector in C:\Users\JSwan\Documents\Yamaha-Preamp-Work\Altium Files\CP80 Preamp\CP80 Preamp.SchDoc with XLR-2 Connector from CP80 Preamp.SCHLIB
Replace Part LT1 Transformer, Audio Matching, GD90025 in C:\Users\JSwan\Documents\Yamaha-Preamp-Work\Altium Files\CP80 Preamp\CP80 Preamp.SchDoc with Transformer, Audio Matching, GD90025 from CP80 Preamp.SCHLIB
Replace Part LT2 Transformer, Audio Matching, GD90025 in C:\Users\JSwan\Documents\Yamaha-Preamp-Work\Altium Files\CP80 Preamp\CP80 Preamp.SchDoc with Transformer, Audio Matching, GD90025 from CP80 Preamp.SCHLIB
Replace Part PS1 Switch, Toggle, SPST in C:\Users\JSwan\Documents\Yamaha-Preamp-Work\Altium Files\CP80 Preamp\CP80 Preamp.SchDoc with Switch, Toggle, SPST from CP80 Preamp.SCHLIB
Replace Part R102 Resistor in C:\Users\JSwan\Documents\Yamaha-Preamp-Work\Altium Files\CP80 Preamp\CP80 Preamp.SchDoc with Resistor from CP80 Preamp.SCHLIB
Replace Part R103 Resistor_1 in C:\Users\JSwan\Documents\Yamaha-Preamp-Work\Altium Files\CP80 Preamp\CP80 Preamp.SchDoc with Resistor_1 from CP80 Preamp.SCHLIB
Replace Part R104 Resistor in C:\Users\JSwan\Documents\Yamaha-Preamp-Work\Altium Files\CP80 Preamp\CP80 Preamp.SchDoc with Resistor from CP80 Preamp.SCHLIB
Replace Part R105 Resistor in C:\Users\JSwan\Documents\Yamaha-Preamp-Work\Altium Files\CP80 Preamp\CP80 Preamp.SchDoc with Resistor from CP80 Preamp.SCHLIB
Replace Part R106 Resistor in C:\Users\JSwan\Documents\Yamaha-Preamp-Work\Altium Files\CP80 Preamp\CP80 Preamp.SchDoc with Resistor from CP80 Preamp.SCHLIB
Replace Part R107 Resistor in C:\Users\JSwan\Documents\Yamaha-Preamp-Work\Altium Files\CP80 Preamp\CP80 Preamp.SchDoc with Resistor from CP80 Preamp.SCHLIB
Replace Part R108 Resistor in C:\Users\JSwan\Documents\Yamaha-Preamp-Work\Altium Files\CP80 Preamp\CP80 Preamp.SchDoc with Resistor from CP80 Preamp.SCHLIB
Replace Part R109 Resistor in C:\Users\JSwan\Documents\Yamaha-Preamp-Work\Altium Files\CP80 Preamp\CP80 Preamp.SchDoc with Resistor from CP80 Preamp.SCHLIB
Replace Part R110 Resistor in C:\Users\JSwan\Documents\Yamaha-Preamp-Work\Altium Files\CP80 Preamp\CP80 Preamp.SchDoc with Resistor from CP80 Preamp.SCHLIB
Replace Part R111 Resistor in C:\Users\JSwan\Documents\Yamaha-Preamp-Work\Altium Files\CP80 Preamp\CP80 Preamp.SchDoc with Resistor from CP80 Preamp.SCHLIB
Replace Part R112 Resistor in C:\Users\JSwan\Documents\Yamaha-Preamp-Work\Altium Files\CP80 Preamp\CP80 Preamp.SchDoc with Resistor from CP80 Preamp.SCHLIB
Replace Part R113 Resistor in C:\Users\JSwan\Documents\Yamaha-Preamp-Work\Altium Files\CP80 Preamp\CP80 Preamp.SchDoc with Resistor from CP80 Preamp.SCHLIB
Replace Part R114 Resistor in C:\Users\JSwan\Documents\Yamaha-Preamp-Work\Altium Files\CP80 Preamp\CP80 Preamp.SchDoc with Resistor from CP80 Preamp.SCHLIB
Replace Part R115 Resistor in C:\Users\JSwan\Documents\Yamaha-Preamp-Work\Altium Files\CP80 Preamp\CP80 Preamp.SchDoc with Resistor from CP80 Preamp.SCHLIB
Replace Part R116 Resistor in C:\Users\JSwan\Documents\Yamaha-Preamp-Work\Altium Files\CP80 Preamp\CP80 Preamp.SchDoc with Resistor from CP80 Preamp.SCHLIB
Replace Part R117 Resistor in C:\Users\JSwan\Documents\Yamaha-Preamp-Work\Altium Files\CP80 Preamp\CP80 Preamp.SchDoc with Resistor from CP80 Preamp.SCHLIB
Replace Part R118 Resistor in C:\Users\JSwan\Documents\Yamaha-Preamp-Work\Altium Files\CP80 Preamp\CP80 Preamp.SchDoc with Resistor from CP80 Preamp.SCHLIB
Replace Part R119 Resistor in C:\Users\JSwan\Documents\Yamaha-Preamp-Work\Altium Files\CP80 Preamp\CP80 Preamp.SchDoc with Resistor from CP80 Preamp.SCHLIB
Replace Part R120 Resistor in C:\Users\JSwan\Documents\Yamaha-Preamp-Work\Altium Files\CP80 Preamp\CP80 Preamp.SchDoc with Resistor from CP80 Preamp.SCHLIB
Replace Part R121 Resistor in C:\Users\JSwan\Documents\Yamaha-Preamp-Work\Altium Files\CP80 Preamp\CP80 Preamp.SchDoc with Resistor from CP80 Preamp.SCHLIB
Replace Part R122 Resistor_1 in C:\Users\JSwan\Documents\Yamaha-Preamp-Work\Altium Files\CP80 Preamp\CP80 Preamp.SchDoc with Resistor_1 from CP80 Preamp.SCHLIB
Replace Part R123 Resistor in C:\Users\JSwan\Documents\Yamaha-Preamp-Work\Altium Files\CP80 Preamp\CP80 Preamp.SchDoc with Resistor from CP80 Preamp.SCHLIB
Replace Part R124 Resistor in C:\Users\JSwan\Documents\Yamaha-Preamp-Work\Altium Files\CP80 Preamp\CP80 Preamp.SchDoc with Resistor from CP80 Preamp.SCHLIB
Replace Part R125 Resistor in C:\Users\JSwan\Documents\Yamaha-Preamp-Work\Altium Files\CP80 Preamp\CP80 Preamp.SchDoc with Resistor from CP80 Preamp.SCHLIB
Replace Part R126 Resistor in C:\Users\JSwan\Documents\Yamaha-Preamp-Work\Altium Files\CP80 Preamp\CP80 Preamp.SchDoc with Resistor from CP80 Preamp.SCHLIB
Replace Part R127 Resistor in C:\Users\JSwan\Documents\Yamaha-Preamp-Work\Altium Files\CP80 Preamp\CP80 Preamp.SchDoc with Resistor from CP80 Preamp.SCHLIB
Replace Part R128 Resistor in C:\Users\JSwan\Documents\Yamaha-Preamp-Work\Altium Files\CP80 Preamp\CP80 Preamp.SchDoc with Resistor from CP80 Preamp.SCHLIB
Replace Part R129 Resistor in C:\Users\JSwan\Documents\Yamaha-Preamp-Work\Altium Files\CP80 Preamp\CP80 Preamp.SchDoc with Resistor from CP80 Preamp.SCHLIB
Replace Part R130 Resistor in C:\Users\JSwan\Documents\Yamaha-Preamp-Work\Altium Files\CP80 Preamp\CP80 Preamp.SchDoc with Resistor from CP80 Preamp.SCHLIB
Replace Part R131 Resistor in C:\Users\JSwan\Documents\Yamaha-Preamp-Work\Altium Files\CP80 Preamp\CP80 Preamp.SchDoc with Resistor from CP80 Preamp.SCHLIB
Replace Part R132 Resistor in C:\Users\JSwan\Documents\Yamaha-Preamp-Work\Altium Files\CP80 Preamp\CP80 Preamp.SchDoc with Resistor from CP80 Preamp.SCHLIB
Replace Part R133 Resistor in C:\Users\JSwan\Documents\Yamaha-Preamp-Work\Altium Files\CP80 Preamp\CP80 Preamp.SchDoc with Resistor from CP80 Preamp.SCHLIB
Replace Part R134 Resistor in C:\Users\JSwan\Documents\Yamaha-Preamp-Work\Altium Files\CP80 Preamp\CP80 Preamp.SchDoc with Resistor from CP80 Preamp.SCHLIB
Replace Part R135 Resistor in C:\Users\JSwan\Documents\Yamaha-Preamp-Work\Altium Files\CP80 Preamp\CP80 Preamp.SchDoc with Resistor from CP80 Preamp.SCHLIB
Replace Part R136 Resistor in C:\Users\JSwan\Documents\Yamaha-Preamp-Work\Altium Files\CP80 Preamp\CP80 Preamp.SchDoc with Resistor from CP80 Preamp.SCHLIB
Replace Part R137 Resistor in C:\Users\JSwan\Documents\Yamaha-Preamp-Work\Altium Files\CP80 Preamp\CP80 Preamp.SchDoc with Resistor from CP80 Preamp.SCHLIB
Replace Part R138 Resistor in C:\Users\JSwan\Documents\Yamaha-Preamp-Work\Altium Files\CP80 Preamp\CP80 Preamp.SchDoc with Resistor from CP80 Preamp.SCHLIB
Replace Part R139 Resistor in C:\Users\JSwan\Documents\Yamaha-Preamp-Work\Altium Files\CP80 Preamp\CP80 Preamp.SchDoc with Resistor from CP80 Preamp.SCHLIB
Replace Part R140 Resistor in C:\Users\JSwan\Documents\Yamaha-Preamp-Work\Altium Files\CP80 Preamp\CP80 Preamp.SchDoc with Resistor from CP80 Preamp.SCHLIB
Replace Part R141 Resistor in C:\Users\JSwan\Documents\Yamaha-Preamp-Work\Altium Files\CP80 Preamp\CP80 Preamp.SchDoc with Resistor from CP80 Preamp.SCHLIB
Replace Part R142 Resistor in C:\Users\JSwan\Documents\Yamaha-Preamp-Work\Altium Files\CP80 Preamp\CP80 Preamp.SchDoc with Resistor from CP80 Preamp.SCHLIB
Replace Part R143 Resistor in C:\Users\JSwan\Documents\Yamaha-Preamp-Work\Altium Files\CP80 Preamp\CP80 Preamp.SchDoc with Resistor from CP80 Preamp.SCHLIB
Replace Part R144 Resistor in C:\Users\JSwan\Documents\Yamaha-Preamp-Work\Altium Files\CP80 Preamp\CP80 Preamp.SchDoc with Resistor from CP80 Preamp.SCHLIB
Replace Part R145 Resistor in C:\Users\JSwan\Documents\Yamaha-Preamp-Work\Altium Files\CP80 Preamp\CP80 Preamp.SchDoc with Resistor from CP80 Preamp.SCHLIB
Replace Part R146 Resistor in C:\Users\JSwan\Documents\Yamaha-Preamp-Work\Altium Files\CP80 Preamp\CP80 Preamp.SchDoc with Resistor from CP80 Preamp.SCHLIB
Replace Part R147 Resistor in C:\Users\JSwan\Documents\Yamaha-Preamp-Work\Altium Files\CP80 Preamp\CP80 Preamp.SchDoc with Resistor from CP80 Preamp.SCHLIB
Replace Part R148 Resistor in C:\Users\JSwan\Documents\Yamaha-Preamp-Work\Altium Files\CP80 Preamp\CP80 Preamp.SchDoc with Resistor from CP80 Preamp.SCHLIB
Replace Part R149 Resistor in C:\Users\JSwan\Documents\Yamaha-Preamp-Work\Altium Files\CP80 Preamp\CP80 Preamp.SchDoc with Resistor from CP80 Preamp.SCHLIB
Replace Part R150 Resistor in C:\Users\JSwan\Documents\Yamaha-Preamp-Work\Altium Files\CP80 Preamp\CP80 Preamp.SchDoc with Resistor from CP80 Preamp.SCHLIB
Replace Part R151 Resistor in C:\Users\JSwan\Documents\Yamaha-Preamp-Work\Altium Files\CP80 Preamp\CP80 Preamp.SchDoc with Resistor from CP80 Preamp.SCHLIB
Replace Part R152 Resistor in C:\Users\JSwan\Documents\Yamaha-Preamp-Work\Altium Files\CP80 Preamp\CP80 Preamp.SchDoc with Resistor from CP80 Preamp.SCHLIB
Replace Part R153 Resistor in C:\Users\JSwan\Documents\Yamaha-Preamp-Work\Altium Files\CP80 Preamp\CP80 Preamp.SchDoc with Resistor from CP80 Preamp.SCHLIB
Replace Part R154 Resistor in C:\Users\JSwan\Documents\Yamaha-Preamp-Work\Altium Files\CP80 Preamp\CP80 Preamp.SchDoc with Resistor from CP80 Preamp.SCHLIB
Replace Part R155 Resistor in C:\Users\JSwan\Documents\Yamaha-Preamp-Work\Altium Files\CP80 Preamp\CP80 Preamp.SchDoc with Resistor from CP80 Preamp.SCHLIB
Replace Part R156 Resistor in C:\Users\JSwan\Documents\Yamaha-Preamp-Work\Altium Files\CP80 Preamp\CP80 Preamp.SchDoc with Resistor from CP80 Preamp.SCHLIB
Replace Part R157 Resistor in C:\Users\JSwan\Documents\Yamaha-Preamp-Work\Altium Files\CP80 Preamp\CP80 Preamp.SchDoc with Resistor from CP80 Preamp.SCHLIB
Replace Part R158 Resistor in C:\Users\JSwan\Documents\Yamaha-Preamp-Work\Altium Files\CP80 Preamp\CP80 Preamp.SchDoc with Resistor from CP80 Preamp.SCHLIB
Replace Part R159 Resistor in C:\Users\JSwan\Documents\Yamaha-Preamp-Work\Altium Files\CP80 Preamp\CP80 Preamp.SchDoc with Resistor from CP80 Preamp.SCHLIB
Replace Part R160 Resistor in C:\Users\JSwan\Documents\Yamaha-Preamp-Work\Altium Files\CP80 Preamp\CP80 Preamp.SchDoc with Resistor from CP80 Preamp.SCHLIB
Replace Part R161 Resistor in C:\Users\JSwan\Documents\Yamaha-Preamp-Work\Altium Files\CP80 Preamp\CP80 Preamp.SchDoc with Resistor from CP80 Preamp.SCHLIB
Replace Part R162 Resistor in C:\Users\JSwan\Documents\Yamaha-Preamp-Work\Altium Files\CP80 Preamp\CP80 Preamp.SchDoc with Resistor from CP80 Preamp.SCHLIB
Replace Part R201 Resistor in C:\Users\JSwan\Documents\Yamaha-Preamp-Work\Altium Files\CP80 Preamp\CP80 Preamp.SchDoc with Resistor from CP80 Preamp.SCHLIB
Replace Part R202 Resistor in C:\Users\JSwan\Documents\Yamaha-Preamp-Work\Altium Files\CP80 Preamp\CP80 Preamp.SchDoc with Resistor from CP80 Preamp.SCHLIB
Replace Part R203 Resistor in C:\Users\JSwan\Documents\Yamaha-Preamp-Work\Altium Files\CP80 Preamp\CP80 Preamp.SchDoc with Resistor from CP80 Preamp.SCHLIB
Replace Part R204 Resistor in C:\Users\JSwan\Documents\Yamaha-Preamp-Work\Altium Files\CP80 Preamp\CP80 Preamp.SchDoc with Resistor from CP80 Preamp.SCHLIB
Replace Part R205 Resistor in C:\Users\JSwan\Documents\Yamaha-Preamp-Work\Altium Files\CP80 Preamp\CP80 Preamp.SchDoc with Resistor from CP80 Preamp.SCHLIB
Replace Part R206 Resistor in C:\Users\JSwan\Documents\Yamaha-Preamp-Work\Altium Files\CP80 Preamp\CP80 Preamp.SchDoc with Resistor from CP80 Preamp.SCHLIB
Replace Part RS1 Resistor in C:\Users\JSwan\Documents\Yamaha-Preamp-Work\Altium Files\CP80 Preamp\CP80 Preamp.SchDoc with Resistor from CP80 Preamp.SCHLIB
Replace Part RS2 Resistor in C:\Users\JSwan\Documents\Yamaha-Preamp-Work\Altium Files\CP80 Preamp\CP80 Preamp.SchDoc with Resistor from CP80 Preamp.SCHLIB
Replace Part S1 Lever Switch, 2P3T in C:\Users\JSwan\Documents\Yamaha-Preamp-Work\Altium Files\CP80 Preamp\CP80 Preamp.SchDoc with Lever Switch, 2P3T from CP80 Preamp.SCHLIB
Replace Part S2 Switch, Toggle, DPST in C:\Users\JSwan\Documents\Yamaha-Preamp-Work\Altium Files\CP80 Preamp\CP80 Preamp.SchDoc with Switch, Toggle, DPST from CP80 Preamp.SCHLIB
Replace Part TR101 NPN in C:\Users\JSwan\Documents\Yamaha-Preamp-Work\Altium Files\CP80 Preamp\CP80 Preamp.SchDoc with NPN from CP80 Preamp.SCHLIB
Replace Part TR102 NPN in C:\Users\JSwan\Documents\Yamaha-Preamp-Work\Altium Files\CP80 Preamp\CP80 Preamp.SchDoc with NPN from CP80 Preamp.SCHLIB
Replace Part TR201 NPN in C:\Users\JSwan\Documents\Yamaha-Preamp-Work\Altium Files\CP80 Preamp\CP80 Preamp.SchDoc with NPN from CP80 Preamp.SCHLIB
Replace Part TRD101 Photo Resistor Diode in C:\Users\JSwan\Documents\Yamaha-Preamp-Work\Altium Files\CP80 Preamp\CP80 Preamp.SchDoc with Photo Resistor Diode from CP80 Preamp.SCHLIB
Replace Part TRD101 Photo Resistor Diode in C:\Users\JSwan\Documents\Yamaha-Preamp-Work\Altium Files\CP80 Preamp\CP80 Preamp.SchDoc with Photo Resistor Diode from CP80 Preamp.SCHLIB
Replace Part TRD102 Photo Resistor Diode in C:\Users\JSwan\Documents\Yamaha-Preamp-Work\Altium Files\CP80 Preamp\CP80 Preamp.SchDoc with Photo Resistor Diode from CP80 Preamp.SCHLIB
Replace Part TRD102 Photo Resistor Diode in C:\Users\JSwan\Documents\Yamaha-Preamp-Work\Altium Files\CP80 Preamp\CP80 Preamp.SchDoc with Photo Resistor Diode from CP80 Preamp.SCHLIB
Replace Part U102 RC4558DN in C:\Users\JSwan\Documents\Yamaha-Preamp-Work\Altium Files\CP80 Preamp\CP80 Preamp.SchDoc with RC4558DN from CP80 Preamp.SCHLIB
Replace Part U102 RC4558DN in C:\Users\JSwan\Documents\Yamaha-Preamp-Work\Altium Files\CP80 Preamp\CP80 Preamp.SchDoc with RC4558DN from CP80 Preamp.SCHLIB
Replace Part VR1 Pot, Dual, Gang in C:\Users\JSwan\Documents\Yamaha-Preamp-Work\Altium Files\CP80 Preamp\CP80 Preamp.SchDoc with Pot, Dual, Gang from CP80 Preamp.SCHLIB
Replace Part VR2 Copy of Resistor in C:\Users\JSwan\Documents\Yamaha-Preamp-Work\Altium Files\CP80 Preamp\CP80 Preamp.SchDoc with Copy of Resistor from CP80 Preamp.SCHLIB
Replace Part VR3 Copy of Resistor in C:\Users\JSwan\Documents\Yamaha-Preamp-Work\Altium Files\CP80 Preamp\CP80 Preamp.SchDoc with Copy of Resistor from CP80 Preamp.SCHLIB
Replace Part VR4 Copy of Resistor in C:\Users\JSwan\Documents\Yamaha-Preamp-Work\Altium Files\CP80 Preamp\CP80 Preamp.SchDoc with Copy of Resistor from CP80 Preamp.SCHLIB
Replace Part VR5 Pot, Dual, Gang in C:\Users\JSwan\Documents\Yamaha-Preamp-Work\Altium Files\CP80 Preamp\CP80 Preamp.SchDoc with Pot, Dual, Gang from CP80 Preamp.SCHLIB
Replace Part VR6 Pot, Dual, Gang in C:\Users\JSwan\Documents\Yamaha-Preamp-Work\Altium Files\CP80 Preamp\CP80 Preamp.SchDoc with Pot, Dual, Gang from CP80 Preamp.SCHLIB
Replace Part VR7 Copy of Resistor in C:\Users\JSwan\Documents\Yamaha-Preamp-Work\Altium Files\CP80 Preamp\CP80 Preamp.SchDoc with Copy of Resistor from CP80 Preamp.SCHLIB
Replace Part VR8 Copy of Resistor in C:\Users\JSwan\Documents\Yamaha-Preamp-Work\Altium Files\CP80 Preamp\CP80 Preamp.SchDoc with Copy of Resistor from CP80 Preamp.SCHLIB
Replace Part VR9 Copy of Resistor in C:\Users\JSwan\Documents\Yamaha-Preamp-Work\Altium Files\CP80 Preamp\CP80 Preamp.SchDoc with Copy of Resistor from CP80 Preamp.SCHLIB
Replace Part VR10 Copy of Resistor in C:\Users\JSwan\Documents\Yamaha-Preamp-Work\Altium Files\CP80 Preamp\CP80 Preamp.SchDoc with Copy of Resistor from CP80 Preamp.SCHLIB
Replace Part VR11 Copy of Resistor in C:\Users\JSwan\Documents\Yamaha-Preamp-Work\Altium Files\CP80 Preamp\CP80 Preamp.SchDoc with Copy of Resistor from CP80 Preamp.SCHLIB
Replace Part VR12 CMP-009-18675-3_1 in C:\Users\JSwan\Documents\Yamaha-Preamp-Work\Altium Files\CP80 Preamp\CP80 Preamp.SchDoc with CMP-009-18675-3_1 from CP80 Preamp.SCHLIB
